Token { int } - Position in Symbol Table: {-1, -1} -> RESERVED_WORD
Token { ( } - Position in Symbol Table: {-1, -1} -> SEPARATOR
Token { int } - Position in Symbol Table: {-1, -1} -> RESERVED_WORD
Token { , } - Position in Symbol Table: {-1, -1} -> SEPARATOR
Token { int } - Position in Symbol Table: {-1, -1} -> RESERVED_WORD
Token { , } - Position in Symbol Table: {-1, -1} -> SEPARATOR
Token { int } - Position in Symbol Table: {-1, -1} -> RESERVED_WORD
Token { ) } - Position in Symbol Table: {-1, -1} -> SEPARATOR
Token { { } - Position in Symbol Table: {-1, -1} -> SEPARATOR
Token { if } - Position in Symbol Table: {-1, -1} -> RESERVED_WORD
Token { ( } - Position in Symbol Table: {-1, -1} -> SEPARATOR
Token { <= } - Position in Symbol Table: {-1, -1} -> OPERATOR
Token { && } - Position in Symbol Table: {-1, -1} -> OPERATOR
Token { <= } - Position in Symbol Table: {-1, -1} -> OPERATOR
Token { ) } - Position in Symbol Table: {-1, -1} -> SEPARATOR
Token { { } - Position in Symbol Table: {-1, -1} -> SEPARATOR
Token { print } - Position in Symbol Table: {-1, -1} -> RESERVED_WORD
Token { ( } - Position in Symbol Table: {-1, -1} -> SEPARATOR
Token { "The maximum number is the first one." } - Position in Symbol Table: {1, 0} -> CONSTANT
Token { ) } - Position in Symbol Table: {-1, -1} -> SEPARATOR
Token { ; } - Position in Symbol Table: {-1, -1} -> SEPARATOR
Token { return } - Position in Symbol Table: {-1, -1} -> RESERVED_WORD
Token { ; } - Position in Symbol Table: {-1, -1} -> SEPARATOR
Token { } } - Position in Symbol Table: {-1, -1} -> SEPARATOR
Token { else } - Position in Symbol Table: {-1, -1} -> RESERVED_WORD
Token { if } - Position in Symbol Table: {-1, -1} -> RESERVED_WORD
Token { ( } - Position in Symbol Table: {-1, -1} -> SEPARATOR
Token { <= } - Position in Symbol Table: {-1, -1} -> OPERATOR
Token { && } - Position in Symbol Table: {-1, -1} -> OPERATOR
Token { <= } - Position in Symbol Table: {-1, -1} -> OPERATOR
Token { ) } - Position in Symbol Table: {-1, -1} -> SEPARATOR
Token { { } - Position in Symbol Table: {-1, -1} -> SEPARATOR
Token { return } - Position in Symbol Table: {-1, -1} -> RESERVED_WORD
Token { ; } - Position in Symbol Table: {-1, -1} -> SEPARATOR
Token { } } - Position in Symbol Table: {-1, -1} -> SEPARATOR
Token { else } - Position in Symbol Table: {-1, -1} -> RESERVED_WORD
Token { { } - Position in Symbol Table: {-1, -1} -> SEPARATOR
Token { return } - Position in Symbol Table: {-1, -1} -> RESERVED_WORD
Token { ; } - Position in Symbol Table: {-1, -1} -> SEPARATOR
Token { } } - Position in Symbol Table: {-1, -1} -> SEPARATOR
Token { } } - Position in Symbol Table: {-1, -1} -> SEPARATOR

